{"/Users/Rodion_Kazennov/Documents/Projects/Medium/cypress-react-vite/src/App.tsx": {"path":"/Users/Rodion_Kazennov/Documents/Projects/Medium/cypress-react-vite/src/App.tsx","statementMap":{"0":{"start":{"line":5,"column":15},"end":{"line":5,"column":null}},"1":{"start":{"line":6,"column":28},"end":{"line":6,"column":null}},"2":{"start":{"line":8,"column":2},"end":{"line":29,"column":null}},"3":{"start":{"line":20,"column":31},"end":{"line":20,"column":62}},"4":{"start":{"line":20,"column":51},"end":{"line":20,"column":60}},"5":{"start":{"line":32,"column":1},"end":{"line":5,"column":15}},"6":{"start":{"line":5,"column":12},"end":{"line":null,"column":-1}},"7":{"start":{"line":34,"column":18},"end":{"line":34,"column":null}}},"fnMap":{"0":{"name":"App","decl":{"start":{"line":5,"column":9},"end":{"line":5,"column":12}},"loc":{"start":{"line":5,"column":15},"end":{"line":32,"column":1}}},"1":{"name":"(anonymous_2)","decl":{"start":{"line":20,"column":25},"end":{"line":20,"column":31}},"loc":{"start":{"line":20,"column":31},"end":{"line":20,"column":62}}},"2":{"name":"(anonymous_3)","decl":{"start":{"line":20,"column":41},"end":{"line":20,"column":51}},"loc":{"start":{"line":20,"column":51},"end":{"line":20,"column":60}}}},"branchMap":{},"s":{"0":2,"1":2,"2":2,"3":0,"4":0,"5":2,"6":2,"7":2},"f":{"0":2,"1":0,"2":0},"b":{}}
}
